<?xml version="1.0" encoding="UTF-8"?>
<testng-results ignored="0" total="1" passed="1" failed="0" skipped="0">
  <reporter-output>
  </reporter-output>
  <suite started-at="2020-03-22T12:52:48 IST" name="Suite" finished-at="2020-03-22T12:52:48 IST" duration-ms="33">
    <groups>
    </groups>
    <test started-at="2020-03-22T12:52:48 IST" name="Test" finished-at="2020-03-22T12:52:48 IST" duration-ms="33">
      <class name="Practice.AppTest">
        <test-method signature="add()[pri:0, instance:Practice.AppTest@1d548a08]" started-at="2020-03-22T12:52:48 IST" name="add" finished-at="2020-03-22T12:52:48 IST" duration-ms="4" status="PASS">
          <reporter-output>
          </reporter-output>
        </test-method> <!-- add -->
      </class> <!-- Practice.AppTest -->
    </test> <!-- Test -->
  </suite> <!-- Suite -->
</testng-results>
